<?xml version="1.0" encoding="UTF-8"?>
<!-- Generated by org.testng.reporters.JUnitXMLReporter -->
<testsuite hostname="Uday" failures="0" tests="3" name="LoginPageTest" time="15.68" errors="0" timestamp="7 Feb 2021 07:22:49 GMT">
  <testcase classname="com.DemoBank.TestCases.LoginPageTestCase" name="loginHomePageButtonTest" time="0.196"/>
  <testcase classname="com.DemoBank.TestCases.LoginPageTestCase" name="loginPageTitleTest" time="0.018"/>
  <testcase classname="com.DemoBank.TestCases.LoginPageTestCase" name="loginToManagerTest" time="0.297"/>
</testsuite> <!-- LoginPageTest -->
