<?xml version="1.0" encoding="UTF-8"?>
<!-- Generated by org.testng.reporters.JUnitXMLReporter -->
<testsuite hostname="Uday" failures="0" tests="3" name="LoginPageTest" time="21.991" errors="0" timestamp="8 Feb 2021 07:05:38 GMT">
  <testcase classname="com.DemoBank.TestCases.LoginPageTestCase" name="loginHomePageButtonTest" time="0.279"/>
  <testcase classname="com.DemoBank.TestCases.LoginPageTestCase" name="loginPageTitleTest" time="0.02"/>
  <testcase classname="com.DemoBank.TestCases.LoginPageTestCase" name="loginToManagerTest" time="0.263"/>
</testsuite> <!-- LoginPageTest -->
