<?xml version="1.0" encoding="UTF-8"?>
<testng-results skipped="0" failed="0" total="1" passed="1">
  <reporter-output>
    <line>
      <![CDATA[AddCustomerTest is Passed]]>
    </line>
  </reporter-output>
  <suite name="DemoBankTestSuit" duration-ms="8556" started-at="2021-02-12T07:55:43Z" finished-at="2021-02-12T07:55:51Z">
    <groups>
    </groups>
    <test name="BankManagerPageTest" duration-ms="8556" started-at="2021-02-12T07:55:43Z" finished-at="2021-02-12T07:55:51Z">
      <class name="com.DemoBank.TestCases.BankManagerPageTest">
        <test-method status="PASS" signature="setProperties()[pri:0, instance:com.DemoBank.TestCases.BankManagerPageTest@b62fe6d]" name="setProperties" is-config="true" duration-ms="119" started-at="2021-02-12T13:25:43Z" finished-at="2021-02-12T13:25:43Z">
          <reporter-output>
          </reporter-output>
        </test-method> <!-- setProperties -->
        <test-method status="PASS" signature="setupMethod(java.lang.String)[pri:0, instance:com.DemoBank.TestCases.BankManagerPageTest@b62fe6d]" name="setupMethod" is-config="true" duration-ms="7165" started-at="2021-02-12T13:25:43Z" finished-at="2021-02-12T13:25:50Z">
          <params>
            <param index="0">
              <value>
                <![CDATA[Chrome]]>
              </value>
            </param>
          </params>
          <reporter-output>
          </reporter-output>
        </test-method> <!-- setupMethod -->
        <test-method status="PASS" signature="AddCustomerTest()[pri:0, instance:com.DemoBank.TestCases.BankManagerPageTest@b62fe6d]" name="AddCustomerTest" duration-ms="1254" started-at="2021-02-12T13:25:50Z" finished-at="2021-02-12T13:25:51Z">
          <reporter-output>
            <line>
              <![CDATA[AddCustomerTest is Passed]]>
            </line>
          </reporter-output>
        </test-method> <!-- AddCustomerTest -->
        <test-method status="PASS" signature="tearDown()[pri:0, instance:com.DemoBank.TestCases.BankManagerPageTest@b62fe6d]" name="tearDown" is-config="true" duration-ms="124" started-at="2021-02-12T13:25:51Z" finished-at="2021-02-12T13:25:51Z">
          <reporter-output>
          </reporter-output>
        </test-method> <!-- tearDown -->
      </class> <!-- com.DemoBank.TestCases.BankManagerPageTest -->
    </test> <!-- BankManagerPageTest -->
  </suite> <!-- DemoBankTestSuit -->
</testng-results>
