<?xml version="1.0" encoding="UTF-8"?>
<testsuite name="TestSuite" time="1.709" tests="4" errors="0" skipped="0" failures="0">
  <properties>
[...]
</properties>
  <testcase name="loginHomePageButtonTest" classname="com.DemoBank.TestCases.LoginPageTestCase" time="0.28"/>
  <testcase name="loginPageTitleTest" classname="com.DemoBank.TestCases.LoginPageTestCase" time="0.02"/>
  <testcase name="loginToManagerTest" classname="com.DemoBank.TestCases.LoginPageTestCase" time="0.265"/>
  <testcase name="AddCustomerTest" classname="com.DemoBank.TestCases.BankManagerPageTest" time="1.144"/>
</testsuite>