<?xml version="1.0" encoding="UTF-8"?>
<testsuite name="LoginPageTest"
           tests="3"
           failures="0"
           errors="0"
           skipped="0"
           time="0.562">
  <properties />
  
  
            <testcase name="loginPageTitleTest" time="0.020" classname="com.DemoBank.TestCases.LoginPageTestCase" />
                <testcase name="loginHomePageButtonTest" time="0.279" classname="com.DemoBank.TestCases.LoginPageTestCase" />
                <testcase name="loginToManagerTest" time="0.263" classname="com.DemoBank.TestCases.LoginPageTestCase" />
      
</testsuite>
